app/build/outputs/logs/manifest-merger-debug-report.txt
-- Merging decision tree log ---
manifest
ADDED from src\main\AndroidManifest.xml:1:1-169:12
	xmlns:android
		ADDED from src\main\AndroidManifest.xml:1:11-69
	package
		ADDED from src\main\AndroidManifest.xml:2:5-29
		INJECTED from src\main\AndroidManifest.xml
		INJECTED from src\main\AndroidManifest.xml
	android:versionName
		ADDED from src\main\AndroidManifest.xml:4:5-30
		INJECTED from src\main\AndroidManifest.xml
		INJECTED from src\main\AndroidManifest.xml
	android:versionCode
		ADDED from src\main\AndroidManifest.xml:3:5-28
		INJECTED from src\main\AndroidManifest.xml
		INJECTED from src\main\AndroidManifest.xml
uses-sdk
ADDED from src\main\AndroidManifest.xml:6:5-8:41
MERGED from [com.android.support:support-v4:23.2.1] AndroidManifest.xml:20:5-43
MERGED from [com.android.support:appcompat-v7:23.2.1] AndroidManifest.xml:21:5-23:78
MERGED from [com.android.support:support-v4:23.2.1] AndroidManifest.xml:20:5-43
MERGED from [com.android.support:animated-vector-drawable:23.2.1] AndroidManifest.xml:5:5-44
MERGED from [com.android.support:support-vector-drawable:23.2.1] AndroidManifest.xml:5:5-43
MERGED from [com.android.support:support-v4:23.2.1] AndroidManifest.xml:20:5-43
MERGED from [com.android.support:support-vector-drawable:23.2.1] AndroidManifest.xml:5:5-43
MERGED from [com.android.support:support-v4:23.2.1] AndroidManifest.xml:20:5-43
MERGED from [com.android.support:recyclerview-v7:23.2.1] AndroidManifest.xml:20:5-43
MERGED from [com.android.support:support-v4:23.2.1] AndroidManifest.xml:20:5-43
MERGED from [com.android.support:cardview-v7:23.2.1] AndroidManifest.xml:20:5-43
	android:targetSdkVersion
		ADDED from src\main\AndroidManifest.xml:8:9-38
		INJECTED from src\main\AndroidManifest.xml
		INJECTED from src\main\AndroidManifest.xml
	android:minSdkVersion
		ADDED from src\main\AndroidManifest.xml:7:9-35
		INJECTED from src\main\AndroidManifest.xml
		INJECTED from src\main\AndroidManifest.xml
	tools:overrideLibrary
		ADDED from [com.android.support:appcompat-v7:23.2.1] AndroidManifest.xml:23:9-75
uses-permission#android.permission.SYSTEM_ALERT_WINDOW
ADDED from src\main\AndroidManifest.xml:9:5-78
	android:name
		ADDED from src\main\AndroidManifest.xml:9:22-75
uses-permission#android.permission.INTERNET
ADDED from src\main\AndroidManifest.xml:10:5-66
	android:name
		ADDED from src\main\AndroidManifest.xml:10:22-64
uses-permission#android.permission.ACCESS_NETWORK_STATE
ADDED from src\main\AndroidManifest.xml:11:5-78
	android:name
		ADDED from src\main\AndroidManifest.xml:11:22-76
uses-permission#android.permission.WRITE_EXTERNAL_STORAGE
ADDED from src\main\AndroidManifest.xml:12:5-80
	android:name
		ADDED from src\main\AndroidManifest.xml:12:22-78
uses-permission#android.permission.MOUNT_UNMOUNT_FILESYSTEMS
ADDED from src\main\AndroidManifest.xml:13:5-83
	android:name
		ADDED from src\main\AndroidManifest.xml:13:22-81
uses-permission#android.permission.READ_PHONE_STATE
ADDED from src\main\AndroidManifest.xml:17:5-75
	android:name
		ADDED from src\main\AndroidManifest.xml:17:22-72
uses-permission#android.permission.CHANGE_WIFI_STATE
ADDED from src\main\AndroidManifest.xml:19:5-76
	android:name
		ADDED from src\main\AndroidManifest.xml:19:22-73
uses-permission#android.permission.ACCESS_WIFI_STATE
ADDED from src\main\AndroidManifest.xml:20:5-76
	android:name
		ADDED from src\main\AndroidManifest.xml:20:22-73
uses-permission#android.permission.WAKE_LOCK
ADDED from src\main\AndroidManifest.xml:21:5-68
	android:name
		ADDED from src\main\AndroidManifest.xml:21:22-65
uses-permission#android.permission.RECEIVE_BOOT_COMPLETED
ADDED from src\main\AndroidManifest.xml:22:5-81
	android:name
		ADDED from src\main\AndroidManifest.xml:22:22-78
uses-permission#android.permission.VIBRATE
ADDED from src\main\AndroidManifest.xml:24:5-66
	android:name
		ADDED from src\main\AndroidManifest.xml:24:22-63
uses-permission#android.permission.GET_TASKS
ADDED from src\main\AndroidManifest.xml:25:5-68
	android:name
		ADDED from src\main\AndroidManifest.xml:25:22-65
uses-permission#android.permission.BLUETOOTH
ADDED from src\main\AndroidManifest.xml:27:5-67
	android:name
		ADDED from src\main\AndroidManifest.xml:27:22-65
uses-permission#android.permission.BLUETOOTH_ADMIN
ADDED from src\main\AndroidManifest.xml:28:5-73
	android:name
		ADDED from src\main\AndroidManifest.xml:28:22-71
uses-permission#android.permission.ACCESS_FINE_LOCATION
ADDED from src\main\AndroidManifest.xml:30:5-79
	android:name
		ADDED from src\main\AndroidManifest.xml:30:22-76
uses-permission#android.permission.ACCESS_COARSE_LOCATION
ADDED from src\main\AndroidManifest.xml:31:5-81
	android:name
		ADDED from src\main\AndroidManifest.xml:31:22-78
uses-permission#getui.permission.GetuiService.com.lium.evisa
ADDED from src\main\AndroidManifest.xml:35:5-84
	android:name
		ADDED from src\main\AndroidManifest.xml:35:22-81
permission#getui.permission.GetuiService.com.lium.evisa
ADDED from src\main\AndroidManifest.xml:36:5-39:18
	android:protectionLevel
		ADDED from src\main\AndroidManifest.xml:38:9-41
	android:name
		ADDED from src\main\AndroidManifest.xml:37:9-68
application
ADDED from src\main\AndroidManifest.xml:42:5-167:19
MERGED from [com.android.support:support-v4:23.2.1] AndroidManifest.xml:22:5-20
MERGED from [com.android.support:appcompat-v7:23.2.1] AndroidManifest.xml:25:5-20
MERGED from [com.android.support:support-v4:23.2.1] AndroidManifest.xml:22:5-20
MERGED from [com.android.support:animated-vector-drawable:23.2.1] AndroidManifest.xml:7:5-20
MERGED from [com.android.support:support-vector-drawable:23.2.1] AndroidManifest.xml:7:5-20
MERGED from [com.android.support:support-v4:23.2.1] AndroidManifest.xml:22:5-20
MERGED from [com.android.support:support-vector-drawable:23.2.1] AndroidManifest.xml:7:5-20
MERGED from [com.android.support:support-v4:23.2.1] AndroidManifest.xml:22:5-20
MERGED from [com.android.support:support-v4:23.2.1] AndroidManifest.xml:22:5-20
MERGED from [com.android.support:cardview-v7:23.2.1] AndroidManifest.xml:22:5-20
	android:label
		ADDED from src\main\AndroidManifest.xml:46:9-41
	android:allowBackup
		ADDED from src\main\AndroidManifest.xml:44:9-35
	android:icon
		ADDED from src\main\AndroidManifest.xml:45:9-38
	android:theme
		ADDED from src\main\AndroidManifest.xml:47:9-57
	android:name
		ADDED from src\main\AndroidManifest.xml:43:9-59
activity#com.lium.evisa.activity.LogoActivity
ADDED from src\main\AndroidManifest.xml:48:10-56:20
	android:label
		ADDED from src\main\AndroidManifest.xml:50:13-45
	android:name
		ADDED from src\main\AndroidManifest.xml:49:13-64
intent-filter#android.intent.action.MAIN+android.intent.category.LAUNCHER
ADDED from src\main\AndroidManifest.xml:51:13-55:29
action#android.intent.action.MAIN
ADDED from src\main\AndroidManifest.xml:52:17-69
	android:name
		ADDED from src\main\AndroidManifest.xml:52:25-66
category#android.intent.category.LAUNCHER
ADDED from src\main\AndroidManifest.xml:54:17-77
	android:name
		ADDED from src\main\AndroidManifest.xml:54:27-74
meta-data#PUSH_APPID
ADDED from src\main\AndroidManifest.xml:60:9-62:54
	android:name
		ADDED from src\main\AndroidManifest.xml:61:13-38
	android:value
		ADDED from src\main\AndroidManifest.xml:62:13-51
meta-data#PUSH_APPKEY
ADDED from src\main\AndroidManifest.xml:63:9-65:54
	android:name
		ADDED from src\main\AndroidManifest.xml:64:13-39
	android:value
		ADDED from src\main\AndroidManifest.xml:65:13-51
meta-data#PUSH_APPSECRET
ADDED from src\main\AndroidManifest.xml:66:9-68:54
	android:name
		ADDED from src\main\AndroidManifest.xml:67:13-42
	android:value
		ADDED from src\main\AndroidManifest.xml:68:13-51
service#com.igexin.sdk.PushService
ADDED from src\main\AndroidManifest.xml:70:9-74:46
	android:label
		ADDED from src\main\AndroidManifest.xml:73:13-47
	android:process
		ADDED from src\main\AndroidManifest.xml:74:13-43
	android:exported
		ADDED from src\main\AndroidManifest.xml:72:13-36
	android:name
		ADDED from src\main\AndroidManifest.xml:71:13-54
service#com.igexin.sdk.PushServiceUser
ADDED from src\main\AndroidManifest.xml:75:9-78:54
	android:label
		ADDED from src\main\AndroidManifest.xml:78:13-51
	android:exported
		ADDED from src\main\AndroidManifest.xml:77:13-36
	android:name
		ADDED from src\main\AndroidManifest.xml:76:13-58
receiver#com.igexin.sdk.PushReceiver
ADDED from src\main\AndroidManifest.xml:79:9-90:20
	android:name
		ADDED from src\main\AndroidManifest.xml:79:19-61
intent-filter#android.intent.action.ACTION_POWER_CONNECTED+android.intent.action.ACTION_POWER_DISCONNECTED+android.intent.action.BOOT_COMPLETED+android.intent.action.MEDIA_MOUNTED+android.intent.action.USER_PRESENT+android.net.conn.CONNECTIVITY_CHANGE+com.igexin.sdk.action.refreshls
ADDED from src\main\AndroidManifest.xml:80:13-89:29
action#android.intent.action.BOOT_COMPLETED
ADDED from src\main\AndroidManifest.xml:81:17-79
	android:name
		ADDED from src\main\AndroidManifest.xml:81:25-76
action#android.net.conn.CONNECTIVITY_CHANGE
ADDED from src\main\AndroidManifest.xml:82:17-79
	android:name
		ADDED from src\main\AndroidManifest.xml:82:25-76
action#android.intent.action.USER_PRESENT
ADDED from src\main\AndroidManifest.xml:83:17-77
	android:name
		ADDED from src\main\AndroidManifest.xml:83:25-74
action#com.igexin.sdk.action.refreshls
ADDED from src\main\AndroidManifest.xml:84:17-74
	android:name
		ADDED from src\main\AndroidManifest.xml:84:25-71
action#android.intent.action.MEDIA_MOUNTED
ADDED from src\main\AndroidManifest.xml:86:17-78
	android:name
		ADDED from src\main\AndroidManifest.xml:86:25-75
action#android.intent.action.ACTION_POWER_CONNECTED
ADDED from src\main\AndroidManifest.xml:87:17-87
	android:name
		ADDED from src\main\AndroidManifest.xml:87:25-84
action#android.intent.action.ACTION_POWER_DISCONNECTED
ADDED from src\main\AndroidManifest.xml:88:17-90
	android:name
		ADDED from src\main\AndroidManifest.xml:88:25-87
receiver#com.igexin.sdk.PushManagerReceiver
ADDED from src\main\AndroidManifest.xml:92:9-98:20
	android:exported
		ADDED from src\main\AndroidManifest.xml:94:13-37
	android:name
		ADDED from src\main\AndroidManifest.xml:93:13-62
intent-filter#com.igexin.sdk.action.pushmanager
ADDED from src\main\AndroidManifest.xml:95:13-97:29
action#com.igexin.sdk.action.pushmanager
ADDED from src\main\AndroidManifest.xml:96:17-76
	android:name
		ADDED from src\main\AndroidManifest.xml:96:25-73
activity#com.igexin.sdk.PushActivity
ADDED from src\main\AndroidManifest.xml:99:9-105:75
	android:theme
		ADDED from src\main\AndroidManifest.xml:105:13-72
	android:process
		ADDED from src\main\AndroidManifest.xml:103:13-43
	android:exported
		ADDED from src\main\AndroidManifest.xml:102:13-37
	android:excludeFromRecents
		ADDED from src\main\AndroidManifest.xml:101:13-46
	android:taskAffinity
		ADDED from src\main\AndroidManifest.xml:104:13-67
	android:name
		ADDED from src\main\AndroidManifest.xml:100:13-55
activity#com.igexin.sdk.GActivity
ADDED from src\main\AndroidManifest.xml:106:9-112:74
	android:theme
		ADDED from src\main\AndroidManifest.xml:112:13-72
	android:process
		ADDED from src\main\AndroidManifest.xml:110:13-43
	android:exported
		ADDED from src\main\AndroidManifest.xml:109:13-36
	android:excludeFromRecents
		ADDED from src\main\AndroidManifest.xml:108:13-46
	android:taskAffinity
		ADDED from src\main\AndroidManifest.xml:111:13-67
	android:name
		ADDED from src\main\AndroidManifest.xml:107:13-52
service#com.igexin.download.DownloadService
ADDED from src\main\AndroidManifest.xml:114:9-116:46
	android:process
		ADDED from src\main\AndroidManifest.xml:116:13-43
	android:name
		ADDED from src\main\AndroidManifest.xml:115:13-63
receiver#com.igexin.download.DownloadReceiver
ADDED from src\main\AndroidManifest.xml:118:9-122:20
	android:name
		ADDED from src\main\AndroidManifest.xml:118:19-70
intent-filter#android.net.conn.CONNECTIVITY_CHANGE
ADDED from src\main\AndroidManifest.xml:119:13-121:29
provider#com.igexin.download.DownloadProvider
ADDED from src\main\AndroidManifest.xml:124:9-128:46
	android:process
		ADDED from src\main\AndroidManifest.xml:128:13-43
	android:exported
		ADDED from src\main\AndroidManifest.xml:126:13-36
	android:authorities
		ADDED from src\main\AndroidManifest.xml:127:13-59
	android:name
		ADDED from src\main\AndroidManifest.xml:125:13-64
activity#com.igexin.getuiext.activity.GetuiExtActivity
ADDED from src\main\AndroidManifest.xml:130:9-137:75
	android:configChanges
		ADDED from src\main\AndroidManifest.xml:132:13-72
	android:theme
		ADDED from src\main\AndroidManifest.xml:137:13-72
	android:process
		ADDED from src\main\AndroidManifest.xml:135:13-43
	android:exported
		ADDED from src\main\AndroidManifest.xml:134:13-37
	android:excludeFromRecents
		ADDED from src\main\AndroidManifest.xml:133:13-46
	android:taskAffinity
		ADDED from src\main\AndroidManifest.xml:136:13-62
	android:name
		ADDED from src\main\AndroidManifest.xml:131:13-73
receiver#com.igexin.getuiext.service.PayloadReceiver
ADDED from src\main\AndroidManifest.xml:139:9-146:20
	android:exported
		ADDED from src\main\AndroidManifest.xml:141:13-37
	android:name
		ADDED from src\main\AndroidManifest.xml:140:13-71
intent-filter#com.igexin.sdk.action.7fjUl2Z3LH6xYy7NQK4ni4+com.igexin.sdk.action.eLtO4qfEvq9M2R904WGGX2
ADDED from src\main\AndroidManifest.xml:142:13-145:29
action#com.igexin.sdk.action.7fjUl2Z3LH6xYy7NQK4ni4
ADDED from src\main\AndroidManifest.xml:143:17-87
	android:name
		ADDED from src\main\AndroidManifest.xml:143:25-84
action#com.igexin.sdk.action.eLtO4qfEvq9M2R904WGGX2
ADDED from src\main\AndroidManifest.xml:144:17-87
	android:name
		ADDED from src\main\AndroidManifest.xml:144:25-84
service#com.igexin.getuiext.service.GetuiExtService
ADDED from src\main\AndroidManifest.xml:147:9-149:46
	android:process
		ADDED from src\main\AndroidManifest.xml:149:13-43
	android:name
		ADDED from src\main\AndroidManifest.xml:148:13-71
activity#com.lium.evisa.activity.GuideActivity
ADDED from src\main\AndroidManifest.xml:153:9-73
	android:name
		ADDED from src\main\AndroidManifest.xml:153:19-71
activity#com.lium.evisa.activity.HomeActivity
ADDED from src\main\AndroidManifest.xml:154:9-72
	android:name
		ADDED from src\main\AndroidManifest.xml:154:19-70
activity#com.lium.evisa.activity.LoginActivity
ADDED from src\main\AndroidManifest.xml:155:9-73
	android:name
		ADDED from src\main\AndroidManifest.xml:155:19-71
activity#com.lium.evisa.activity.RegisterActivity
ADDED from src\main\AndroidManifest.xml:156:9-76
	android:name
		ADDED from src\main\AndroidManifest.xml:156:19-74
activity#com.lium.evisa.activity.FindActivity
ADDED from src\main\AndroidManifest.xml:157:9-72
	android:name
		ADDED from src\main\AndroidManifest.xml:157:19-70
activity#com.lium.evisa.activity.CountryActivity
ADDED from src\main\AndroidManifest.xml:158:9-75
	android:name
		ADDED from src\main\AndroidManifest.xml:158:19-73
activity#com.lium.evisa.activity.VisaActivity
ADDED from src\main\AndroidManifest.xml:159:9-72
	android:name
		ADDED from src\main\AndroidManifest.xml:159:19-70
activity#com.lium.evisa.activity.SetActivity
ADDED from src\main\AndroidManifest.xml:160:9-71
	android:name
		ADDED from src\main\AndroidManifest.xml:160:19-69
service#com.lium.evisa.service.DownloadService
ADDED from src\main\AndroidManifest.xml:161:9-73
	android:name
		ADDED from src\main\AndroidManifest.xml:161:18-71
receiver#com.lium.evisa.broadcast.DownloadReceiver
ADDED from src\main\AndroidManifest.xml:162:9-166:20
	android:name
		ADDED from src\main\AndroidManifest.xml:162:19-61
intent-filter#com.service.stop
ADDED from src\main\AndroidManifest.xml:163:13-165:29
action#com.service.stop
ADDED from src\main\AndroidManifest.xml:164:17-58
	android:name
		ADDED from src\main\AndroidManifest.xml:164:25-56